============================================================
Time  2019/03/13 15:12:15 569 
============================================================
[2019/03/13 15:12:15 569] isr        1659 isr loaded!  
[2019/03/13 15:12:15 569] isr        1642 SYS_MSG_REGCB param0 =   msp_status_cb  param1 =   func(1402d650) 
[2019/03/13 15:12:15 570] isr        1537 ASR_MSG_SSB  
[2019/03/13 15:12:15 570] isr        1066 session_begin() [in], params:   sub = iat, domain = iat, language = zh_cn, accent = mandarin, sample_rate = 16000, result_type = plain, result_encoding = utf8  nil  
[2019/03/13 15:12:15 570] isr        927  vad_set [in]  
[2019/03/13 15:12:15 570] isr        962  vad_enable :  true  
[2019/03/13 15:12:15 570] isr        980  vad_bos :  10000  
[2019/03/13 15:12:15 570] isr        981  vad_eos :  2000  
[2019/03/13 15:12:15 570] isr        886  enable_vad [in]  
[2019/03/13 15:12:15 572] isr        918  vad enabled!  2000  10000  
[2019/03/13 15:12:15 572] isr        921  enable_vad [out]  
[2019/03/13 15:12:15 572] isr        987  vad_set [out] | ret =  0  
[2019/03/13 15:12:15 572] isr        1187 cur_engine_type =   cloud  
[2019/03/13 15:12:15 572] isr        1001 cloud_session_begin  
[2019/03/13 15:12:15 572] isr        1013 unknown  
[2019/03/13 15:12:15 576] isr        1547 ASR_MSG_AUW,   cloud  
[2019/03/13 15:12:15 577] isr        1559 6400  1  
[2019/03/13 15:12:15 577] isr        1569 once_bytes:   6400  
[2019/03/13 15:12:15 581] isr        851  [aud] speech start  
[2019/03/13 15:12:15 581] isr        798  1  msc  
[2019/03/13 15:12:15 777] isr        1547 ASR_MSG_AUW,   cloud  
[2019/03/13 15:12:15 777] isr        1559 6400  2  
[2019/03/13 15:12:15 895] isr        691  cloud_err_cb errorcode =   10407  detail =   MSS:bad response:10407  
[2019/03/13 15:12:15 895] isr        399  error occurred:   cloud  10407  
[2019/03/13 15:12:15 978] isr        1547 ASR_MSG_AUW,   cloud  
[2019/03/13 15:12:15 978] isr        1559 6400  2  
[2019/03/13 15:12:15 979] isr        1639 ASR_MSG_SSE,   cloud  
[2019/03/13 15:12:15 979] isr        1356 session_end() [in]  
[2019/03/13 15:12:15 979] isr        1421 cloud_session_end() [in]  
[2019/03/13 15:12:15 981] isr        1488 ns_host=  open.xf-yun.com  
[2019/03/13 15:12:15 981] isr        1498 tick()mod=  2417203  
[2019/03/13 15:12:15 981] isr        1499 tick()=  2417203  
[2019/03/13 15:12:15 981] isr        1501 diff=  221  
[2019/03/13 15:12:15 982] isr        1514 cloud_session_end() [out]  
[2019/03/13 15:12:15 983] isr        1667 isr unload!  
============================================================
Time  2019/03/13 15:13:33 907 
============================================================
[2019/03/13 15:13:33 907] isr        1659 isr loaded!  
[2019/03/13 15:13:33 908] isr        1642 SYS_MSG_REGCB param0 =   msp_status_cb  param1 =   func(7802d660) 
[2019/03/13 15:13:33 908] isr        1537 ASR_MSG_SSB  
[2019/03/13 15:13:33 908] isr        1066 session_begin() [in], params:   sub = iat, domain = iat, language = zh_cn, accent = mandarin, sample_rate = 16000, result_type = plain, result_encoding = utf8  nil  
[2019/03/13 15:13:33 908] isr        927  vad_set [in]  
[2019/03/13 15:13:33 908] isr        962  vad_enable :  true  
[2019/03/13 15:13:33 908] isr        980  vad_bos :  10000  
[2019/03/13 15:13:33 908] isr        981  vad_eos :  2000  
[2019/03/13 15:13:33 908] isr        886  enable_vad [in]  
[2019/03/13 15:13:33 910] isr        918  vad enabled!  2000  10000  
[2019/03/13 15:13:33 910] isr        921  enable_vad [out]  
[2019/03/13 15:13:33 910] isr        987  vad_set [out] | ret =  0  
[2019/03/13 15:13:33 910] isr        1187 cur_engine_type =   cloud  
[2019/03/13 15:13:33 910] isr        1001 cloud_session_begin  
[2019/03/13 15:13:33 910] isr        1013 unknown  
[2019/03/13 15:13:33 914] isr        1547 ASR_MSG_AUW,   cloud  
[2019/03/13 15:13:33 915] isr        1559 6400  1  
[2019/03/13 15:13:33 915] isr        1569 once_bytes:   6400  
[2019/03/13 15:13:33 919] isr        851  [aud] speech start  
[2019/03/13 15:13:33 919] isr        798  1  msc  
[2019/03/13 15:13:34 115] isr        1547 ASR_MSG_AUW,   cloud  
[2019/03/13 15:13:34 115] isr        1559 6400  2  
[2019/03/13 15:13:34 148] isr        700  cloud_status_cb, eps:  1  
[2019/03/13 15:13:34 148] isr        798  1  cloud  
[2019/03/13 15:13:34 148] isr        813  cloud eps ignored  
[2019/03/13 15:13:34 316] isr        1547 ASR_MSG_AUW,   cloud  
[2019/03/13 15:13:34 316] isr        1559 6400  2  
[2019/03/13 15:13:34 516] isr        1547 ASR_MSG_AUW,   cloud  
[2019/03/13 15:13:34 516] isr        1559 6400  2  
[2019/03/13 15:13:34 717] isr        1547 ASR_MSG_AUW,   cloud  
[2019/03/13 15:13:34 717] isr        1559 6400  2  
[2019/03/13 15:13:34 917] isr        1547 ASR_MSG_AUW,   cloud  
[2019/03/13 15:13:34 917] isr        1559 6400  2  
[2019/03/13 15:13:35 118] isr        1547 ASR_MSG_AUW,   cloud  
[2019/03/13 15:13:35 118] isr        1559 6400  2  
[2019/03/13 15:13:35 318] isr        1547 ASR_MSG_AUW,   cloud  
[2019/03/13 15:13:35 318] isr        1559 6400  2  
[2019/03/13 15:13:35 519] isr        1547 ASR_MSG_AUW,   cloud  
[2019/03/13 15:13:35 519] isr        1559 6400  2  
[2019/03/13 15:13:35 719] isr        1547 ASR_MSG_AUW,   cloud  
[2019/03/13 15:13:35 719] isr        1559 6400  2  
[2019/03/13 15:13:35 920] isr        1547 ASR_MSG_AUW,   cloud  
[2019/03/13 15:13:35 920] isr        1559 6400  2  
[2019/03/13 15:13:36 120] isr        1547 ASR_MSG_AUW,   cloud  
[2019/03/13 15:13:36 120] isr        1559 6400  2  
[2019/03/13 15:13:36 321] isr        1547 ASR_MSG_AUW,   cloud  
[2019/03/13 15:13:36 321] isr        1559 6400  2  
[2019/03/13 15:13:36 521] isr        1547 ASR_MSG_AUW,   cloud  
[2019/03/13 15:13:36 521] isr        1559 6400  2  
[2019/03/13 15:13:36 722] isr        1547 ASR_MSG_AUW,   cloud  
[2019/03/13 15:13:36 730] isr        1559 6400  2  
[2019/03/13 15:13:36 923] isr        1547 ASR_MSG_AUW,   cloud  
[2019/03/13 15:13:36 923] isr        1559 6400  2  
[2019/03/13 15:13:37 123] isr        1547 ASR_MSG_AUW,   cloud  
[2019/03/13 15:13:37 123] isr        1559 6400  2  
[2019/03/13 15:13:37 324] isr        1547 ASR_MSG_AUW,   cloud  
[2019/03/13 15:13:37 324] isr        1559 6400  2  
[2019/03/13 15:13:37 525] isr        1547 ASR_MSG_AUW,   cloud  
[2019/03/13 15:13:37 525] isr        1559 6400  2  
[2019/03/13 15:13:37 726] isr        1547 ASR_MSG_AUW,   cloud  
[2019/03/13 15:13:37 726] isr        1559 6400  2  
[2019/03/13 15:13:37 927] isr        1547 ASR_MSG_AUW,   cloud  
[2019/03/13 15:13:37 927] isr        1559 6400  2  
[2019/03/13 15:13:38 127] isr        1547 ASR_MSG_AUW,   cloud  
[2019/03/13 15:13:38 127] isr        1559 6400  2  
[2019/03/13 15:13:38 163] isr        662  cloud_rslt_cb status =   0  
[2019/03/13 15:13:38 163] isr        641  process_result call:  cloud  udata(780353f8) 0  nil  
[2019/03/13 15:13:38 328] isr        1547 ASR_MSG_AUW,   cloud  
[2019/03/13 15:13:38 328] isr        1559 7420  2  
[2019/03/13 15:13:38 529] isr        1547 ASR_MSG_AUW,   cloud  
[2019/03/13 15:13:38 530] isr        1559 0  4  
[2019/03/13 15:13:38 530] isr        1592 aud end, USER  
[2019/03/13 15:13:38 532] isr        854  [aud] speech end  
[2019/03/13 15:13:38 532] isr        798  3  msc  
[2019/03/13 15:13:38 534] isr        1636 ASR_MSG_GRSLT,   cloud  
[2019/03/13 15:13:38 534] isr        1335 0  udata(780353f8) 0  
[2019/03/13 15:13:38 553] isr        700  cloud_status_cb, eps:  3  
[2019/03/13 15:13:38 553] isr        798  3  cloud  
[2019/03/13 15:13:38 553] isr        800  already speech end  
[2019/03/13 15:13:38 556] isr        662  cloud_rslt_cb status =   5  
[2019/03/13 15:13:38 556] isr        641  process_result call:  cloud  udata(780364f8) 5  nil  
[2019/03/13 15:13:38 556] isr        798  3  msc  
[2019/03/13 15:13:38 556] isr        800  already speech end  
[2019/03/13 15:13:38 685] isr        1636 ASR_MSG_GRSLT,   cloud  
[2019/03/13 15:13:38 685] isr        1335 0  udata(780364f8) 5  
[2019/03/13 15:13:38 836] isr        1639 ASR_MSG_SSE,   cloud  
[2019/03/13 15:13:38 836] isr        1356 session_end() [in]  
[2019/03/13 15:13:38 836] isr        1421 cloud_session_end() [in]  
[2019/03/13 15:13:38 839] isr        1488 ns_host=  open.xf-yun.com  
[2019/03/13 15:13:38 839] isr        1498 tick()mod=  2500061  
[2019/03/13 15:13:38 839] isr        1499 tick()=  2500061  
[2019/03/13 15:13:38 839] isr        1501 diff=  4860  
[2019/03/13 15:13:38 840] isr        1514 cloud_session_end() [out]  
[2019/03/13 15:13:38 840] isr        1667 isr unload!  
============================================================
Time  2019/03/13 15:18:32 273 
============================================================
[2019/03/13 15:18:32 273] isr        1659 isr loaded!  
[2019/03/13 15:18:32 273] isr        1642 SYS_MSG_REGCB param0 =   msp_status_cb  param1 =   func(f002d640) 
[2019/03/13 15:18:32 273] isr        1537 ASR_MSG_SSB  
[2019/03/13 15:18:32 273] isr        1066 session_begin() [in], params:   sub = iat, domain = iat, language = zh_cn, accent = mandarin, sample_rate = 16000, result_type = plain, result_encoding = utf8  nil  
[2019/03/13 15:18:32 273] isr        927  vad_set [in]  
[2019/03/13 15:18:32 274] isr        962  vad_enable :  true  
[2019/03/13 15:18:32 274] isr        980  vad_bos :  10000  
[2019/03/13 15:18:32 274] isr        981  vad_eos :  2000  
[2019/03/13 15:18:32 274] isr        886  enable_vad [in]  
[2019/03/13 15:18:32 274] isr        918  vad enabled!  2000  10000  
[2019/03/13 15:18:32 274] isr        921  enable_vad [out]  
[2019/03/13 15:18:32 274] isr        987  vad_set [out] | ret =  0  
[2019/03/13 15:18:32 274] isr        1187 cur_engine_type =   cloud  
[2019/03/13 15:18:32 274] isr        1001 cloud_session_begin  
[2019/03/13 15:18:32 274] isr        1013 unknown  
[2019/03/13 15:18:32 511] isr        1547 ASR_MSG_AUW,   cloud  
[2019/03/13 15:18:32 511] isr        1559 3200  1  
[2019/03/13 15:18:32 511] isr        1569 once_bytes:   3200  
[2019/03/13 15:18:32 512] isr        1547 ASR_MSG_AUW,   cloud  
[2019/03/13 15:18:32 512] isr        1559 3200  2  
[2019/03/13 15:18:32 514] isr        851  [aud] speech start  
[2019/03/13 15:18:32 514] isr        798  1  msc  
[2019/03/13 15:18:32 541] isr        700  cloud_status_cb, eps:  1  
[2019/03/13 15:18:32 541] isr        798  1  cloud  
[2019/03/13 15:18:32 541] isr        813  cloud eps ignored  
[2019/03/13 15:18:32 671] isr        1547 ASR_MSG_AUW,   cloud  
[2019/03/13 15:18:32 672] isr        1559 3200  2  
[2019/03/13 15:18:32 672] isr        1547 ASR_MSG_AUW,   cloud  
[2019/03/13 15:18:32 672] isr        1559 3200  2  
[2019/03/13 15:18:32 834] isr        1547 ASR_MSG_AUW,   cloud  
[2019/03/13 15:18:32 834] isr        1559 3200  2  
[2019/03/13 15:18:32 992] isr        1547 ASR_MSG_AUW,   cloud  
[2019/03/13 15:18:32 992] isr        1559 3200  2  
[2019/03/13 15:18:32 992] isr        1547 ASR_MSG_AUW,   cloud  
[2019/03/13 15:18:32 993] isr        1559 3200  2  
[2019/03/13 15:18:33 155] isr        1547 ASR_MSG_AUW,   cloud  
[2019/03/13 15:18:33 155] isr        1559 3200  2  
[2019/03/13 15:18:33 319] isr        1547 ASR_MSG_AUW,   cloud  
[2019/03/13 15:18:33 320] isr        1559 3200  2  
[2019/03/13 15:18:33 321] isr        1547 ASR_MSG_AUW,   cloud  
[2019/03/13 15:18:33 321] isr        1559 3200  2  
[2019/03/13 15:18:33 482] isr        1547 ASR_MSG_AUW,   cloud  
[2019/03/13 15:18:33 483] isr        1559 3200  2  
[2019/03/13 15:18:33 484] isr        1547 ASR_MSG_AUW,   cloud  
[2019/03/13 15:18:33 484] isr        1559 3200  2  
[2019/03/13 15:18:33 632] isr        1547 ASR_MSG_AUW,   cloud  
[2019/03/13 15:18:33 632] isr        1559 3200  2  
[2019/03/13 15:18:33 795] isr        1547 ASR_MSG_AUW,   cloud  
[2019/03/13 15:18:33 796] isr        1559 3200  2  
[2019/03/13 15:18:33 797] isr        1547 ASR_MSG_AUW,   cloud  
[2019/03/13 15:18:33 797] isr        1559 3200  2  
[2019/03/13 15:18:33 959] isr        1547 ASR_MSG_AUW,   cloud  
[2019/03/13 15:18:33 959] isr        1559 3200  2  
[2019/03/13 15:18:34 123] isr        1547 ASR_MSG_AUW,   cloud  
[2019/03/13 15:18:34 123] isr        1559 3200  2  
[2019/03/13 15:18:34 124] isr        1547 ASR_MSG_AUW,   cloud  
[2019/03/13 15:18:34 124] isr        1559 3200  2  
[2019/03/13 15:18:34 286] isr        1547 ASR_MSG_AUW,   cloud  
[2019/03/13 15:18:34 286] isr        1559 3200  2  
[2019/03/13 15:18:34 287] isr        1547 ASR_MSG_AUW,   cloud  
[2019/03/13 15:18:34 287] isr        1559 3200  2  
[2019/03/13 15:18:34 449] isr        1547 ASR_MSG_AUW,   cloud  
[2019/03/13 15:18:34 449] isr        1559 3200  2  
[2019/03/13 15:18:34 612] isr        1547 ASR_MSG_AUW,   cloud  
[2019/03/13 15:18:34 612] isr        1559 3200  2  
[2019/03/13 15:18:34 614] isr        1547 ASR_MSG_AUW,   cloud  
[2019/03/13 15:18:34 614] isr        1559 3200  2  
[2019/03/13 15:18:34 776] isr        1547 ASR_MSG_AUW,   cloud  
[2019/03/13 15:18:34 776] isr        1559 3200  2  
[2019/03/13 15:18:34 777] isr        1547 ASR_MSG_AUW,   cloud  
[2019/03/13 15:18:34 777] isr        1559 3200  2  
[2019/03/13 15:18:34 912] isr        1547 ASR_MSG_AUW,   cloud  
[2019/03/13 15:18:34 912] isr        1559 3200  2  
[2019/03/13 15:18:35 076] isr        1547 ASR_MSG_AUW,   cloud  
[2019/03/13 15:18:35 076] isr        1559 3200  2  
[2019/03/13 15:18:35 077] isr        1547 ASR_MSG_AUW,   cloud  
[2019/03/13 15:18:35 077] isr        1559 3200  2  
[2019/03/13 15:18:35 240] isr        1547 ASR_MSG_AUW,   cloud  
[2019/03/13 15:18:35 241] isr        1559 3200  2  
[2019/03/13 15:18:35 404] isr        1547 ASR_MSG_AUW,   cloud  
[2019/03/13 15:18:35 404] isr        1559 3200  2  
[2019/03/13 15:18:35 405] isr        1547 ASR_MSG_AUW,   cloud  
[2019/03/13 15:18:35 405] isr        1559 3200  2  
[2019/03/13 15:18:35 568] isr        1547 ASR_MSG_AUW,   cloud  
[2019/03/13 15:18:35 568] isr        1559 3200  2  
[2019/03/13 15:18:35 732] isr        1547 ASR_MSG_AUW,   cloud  
[2019/03/13 15:18:35 732] isr        1559 3200  2  
[2019/03/13 15:18:35 733] isr        1547 ASR_MSG_AUW,   cloud  
[2019/03/13 15:18:35 733] isr        1559 3200  2  
[2019/03/13 15:18:35 896] isr        1547 ASR_MSG_AUW,   cloud  
[2019/03/13 15:18:35 897] isr        1559 3200  2  
[2019/03/13 15:18:35 898] isr        1547 ASR_MSG_AUW,   cloud  
[2019/03/13 15:18:35 898] isr        1559 3200  2  
[2019/03/13 15:18:36 060] isr        1547 ASR_MSG_AUW,   cloud  
[2019/03/13 15:18:36 060] isr        1559 3200  2  
[2019/03/13 15:18:36 223] isr        1547 ASR_MSG_AUW,   cloud  
[2019/03/13 15:18:36 224] isr        1559 3200  2  
[2019/03/13 15:18:36 225] isr        1547 ASR_MSG_AUW,   cloud  
[2019/03/13 15:18:36 225] isr        1559 3200  2  
[2019/03/13 15:18:36 387] isr        1547 ASR_MSG_AUW,   cloud  
[2019/03/13 15:18:36 388] isr        1559 3200  2  
[2019/03/13 15:18:36 389] isr        1547 ASR_MSG_AUW,   cloud  
[2019/03/13 15:18:36 389] isr        1559 3200  2  
[2019/03/13 15:18:36 577] isr        1547 ASR_MSG_AUW,   cloud  
[2019/03/13 15:18:36 577] isr        1559 3200  2  
[2019/03/13 15:18:36 715] isr        1547 ASR_MSG_AUW,   cloud  
[2019/03/13 15:18:36 715] isr        1559 3200  2  
[2019/03/13 15:18:36 716] isr        1547 ASR_MSG_AUW,   cloud  
[2019/03/13 15:18:36 716] isr        1559 3200  2  
[2019/03/13 15:18:36 878] isr        1547 ASR_MSG_AUW,   cloud  
[2019/03/13 15:18:36 879] isr        1559 3200  2  
[2019/03/13 15:18:36 880] isr        1547 ASR_MSG_AUW,   cloud  
[2019/03/13 15:18:36 880] isr        1559 3200  2  
[2019/03/13 15:18:37 042] isr        1547 ASR_MSG_AUW,   cloud  
[2019/03/13 15:18:37 043] isr        1559 3200  2  
[2019/03/13 15:18:37 207] isr        1547 ASR_MSG_AUW,   cloud  
[2019/03/13 15:18:37 207] isr        1559 3200  2  
[2019/03/13 15:18:37 208] isr        1547 ASR_MSG_AUW,   cloud  
[2019/03/13 15:18:37 208] isr        1559 3200  2  
[2019/03/13 15:18:37 371] isr        1547 ASR_MSG_AUW,   cloud  
[2019/03/13 15:18:37 371] isr        1559 3200  2  
[2019/03/13 15:18:37 535] isr        1547 ASR_MSG_AUW,   cloud  
[2019/03/13 15:18:37 535] isr        1559 3200  2  
[2019/03/13 15:18:37 536] isr        1547 ASR_MSG_AUW,   cloud  
[2019/03/13 15:18:37 536] isr        1559 3200  2  
[2019/03/13 15:18:37 698] isr        1547 ASR_MSG_AUW,   cloud  
[2019/03/13 15:18:37 699] isr        1559 3200  2  
[2019/03/13 15:18:37 700] isr        1547 ASR_MSG_AUW,   cloud  
[2019/03/13 15:18:37 700] isr        1559 3200  2  
[2019/03/13 15:18:37 832] isr        1547 ASR_MSG_AUW,   cloud  
[2019/03/13 15:18:37 832] isr        1559 3200  2  
[2019/03/13 15:18:37 878] isr        662  cloud_rslt_cb status =   0  
[2019/03/13 15:18:37 878] isr        641  process_result call:  cloud  udata(f0034e78) 0  nil  
[2019/03/13 15:18:37 996] isr        1547 ASR_MSG_AUW,   cloud  
[2019/03/13 15:18:37 996] isr        1559 3200  2  
[2019/03/13 15:18:37 997] isr        1547 ASR_MSG_AUW,   cloud  
[2019/03/13 15:18:37 997] isr        1559 3200  2  
[2019/03/13 15:18:38 160] isr        1547 ASR_MSG_AUW,   cloud  
[2019/03/13 15:18:38 160] isr        1559 3200  2  
[2019/03/13 15:18:38 161] isr        1636 ASR_MSG_GRSLT,   cloud  
[2019/03/13 15:18:38 161] isr        1335 0  udata(f0034e78) 0  
[2019/03/13 15:18:38 324] isr        1547 ASR_MSG_AUW,   cloud  
[2019/03/13 15:18:38 324] isr        1559 3200  2  
[2019/03/13 15:18:38 324] isr        1636 ASR_MSG_GRSLT,   cloud  
[2019/03/13 15:18:38 324] isr        1335 0  nil  2  
[2019/03/13 15:18:38 325] isr        1547 ASR_MSG_AUW,   cloud  
[2019/03/13 15:18:38 325] isr        1559 3200  2  
[2019/03/13 15:18:38 487] isr        1547 ASR_MSG_AUW,   cloud  
[2019/03/13 15:18:38 488] isr        1559 3200  2  
[2019/03/13 15:18:38 488] isr        1547 ASR_MSG_AUW,   cloud  
[2019/03/13 15:18:38 489] isr        1559 3200  2  
[2019/03/13 15:18:38 651] isr        1547 ASR_MSG_AUW,   cloud  
[2019/03/13 15:18:38 651] isr        1559 3200  2  
[2019/03/13 15:18:38 816] isr        1547 ASR_MSG_AUW,   cloud  
[2019/03/13 15:18:38 816] isr        1559 3200  2  
[2019/03/13 15:18:38 817] isr        1547 ASR_MSG_AUW,   cloud  
[2019/03/13 15:18:38 817] isr        1559 3200  2  
[2019/03/13 15:18:38 979] isr        1547 ASR_MSG_AUW,   cloud  
[2019/03/13 15:18:38 980] isr        1559 3200  2  
[2019/03/13 15:18:38 980] isr        1547 ASR_MSG_AUW,   cloud  
[2019/03/13 15:18:38 980] isr        1559 3200  2  
[2019/03/13 15:18:39 143] isr        1547 ASR_MSG_AUW,   cloud  
[2019/03/13 15:18:39 143] isr        1559 3200  2  
[2019/03/13 15:18:39 307] isr        1547 ASR_MSG_AUW,   cloud  
[2019/03/13 15:18:39 307] isr        1559 3200  2  
[2019/03/13 15:18:39 308] isr        1547 ASR_MSG_AUW,   cloud  
[2019/03/13 15:18:39 308] isr        1559 3200  2  
[2019/03/13 15:18:39 470] isr        1547 ASR_MSG_AUW,   cloud  
[2019/03/13 15:18:39 470] isr        1559 3200  2  
[2019/03/13 15:18:39 491] isr        662  cloud_rslt_cb status =   0  
[2019/03/13 15:18:39 491] isr        641  process_result call:  cloud  udata(f00346e8) 0  nil  
[2019/03/13 15:18:39 633] isr        1547 ASR_MSG_AUW,   cloud  
[2019/03/13 15:18:39 633] isr        1559 3200  2  
[2019/03/13 15:18:39 634] isr        1547 ASR_MSG_AUW,   cloud  
[2019/03/13 15:18:39 634] isr        1559 3200  2  
[2019/03/13 15:18:39 797] isr        1547 ASR_MSG_AUW,   cloud  
[2019/03/13 15:18:39 797] isr        1559 3200  2  
[2019/03/13 15:18:39 798] isr        1636 ASR_MSG_GRSLT,   cloud  
[2019/03/13 15:18:39 798] isr        1335 0  udata(f00346e8) 0  
[2019/03/13 15:18:39 799] isr        1547 ASR_MSG_AUW,   cloud  
[2019/03/13 15:18:39 799] isr        1559 3200  2  
[2019/03/13 15:18:39 799] isr        1636 ASR_MSG_GRSLT,   cloud  
[2019/03/13 15:18:39 800] isr        1335 0  nil  2  
[2019/03/13 15:18:39 960] isr        1547 ASR_MSG_AUW,   cloud  
[2019/03/13 15:18:39 961] isr        1559 3200  2  
[2019/03/13 15:18:40 123] isr        1547 ASR_MSG_AUW,   cloud  
[2019/03/13 15:18:40 124] isr        1559 3200  2  
[2019/03/13 15:18:40 125] isr        1547 ASR_MSG_AUW,   cloud  
[2019/03/13 15:18:40 125] isr        1559 3200  2  
[2019/03/13 15:18:40 287] isr        1547 ASR_MSG_AUW,   cloud  
[2019/03/13 15:18:40 287] isr        1559 3200  2  
[2019/03/13 15:18:40 288] isr        1547 ASR_MSG_AUW,   cloud  
[2019/03/13 15:18:40 288] isr        1559 3200  2  
[2019/03/13 15:18:40 451] isr        1547 ASR_MSG_AUW,   cloud  
[2019/03/13 15:18:40 451] isr        1559 3200  2  
[2019/03/13 15:18:40 615] isr        1547 ASR_MSG_AUW,   cloud  
[2019/03/13 15:18:40 615] isr        1559 3200  2  
[2019/03/13 15:18:40 616] isr        1547 ASR_MSG_AUW,   cloud  
[2019/03/13 15:18:40 616] isr        1559 3200  2  
[2019/03/13 15:18:40 779] isr        1547 ASR_MSG_AUW,   cloud  
[2019/03/13 15:18:40 779] isr        1559 3200  2  
[2019/03/13 15:18:40 780] isr        1547 ASR_MSG_AUW,   cloud  
[2019/03/13 15:18:40 780] isr        1559 3200  2  
[2019/03/13 15:18:40 915] isr        1547 ASR_MSG_AUW,   cloud  
[2019/03/13 15:18:40 915] isr        1559 3200  2  
[2019/03/13 15:18:41 040] isr        700  cloud_status_cb, eps:  3  
[2019/03/13 15:18:41 040] isr        798  3  cloud  
[2019/03/13 15:18:41 044] isr        662  cloud_rslt_cb status =   5  
[2019/03/13 15:18:41 044] isr        641  process_result call:  cloud  udata(f0035b48) 5  nil  
[2019/03/13 15:18:41 044] isr        798  3  msc  
[2019/03/13 15:18:41 044] isr        800  already speech end  
[2019/03/13 15:18:41 078] isr        1547 ASR_MSG_AUW,   cloud  
[2019/03/13 15:18:41 078] isr        1559 3200  2  
[2019/03/13 15:18:41 080] isr        1636 ASR_MSG_GRSLT,   cloud  
[2019/03/13 15:18:41 080] isr        1335 0  udata(f0035b48) 5  
[2019/03/13 15:18:41 181] isr        1639 ASR_MSG_SSE,   cloud  
[2019/03/13 15:18:41 181] isr        1356 session_end() [in]  
[2019/03/13 15:18:41 181] isr        1421 cloud_session_end() [in]  
[2019/03/13 15:18:41 184] isr        1488 ns_host=  open.xf-yun.com  
[2019/03/13 15:18:41 185] isr        1498 tick()mod=  2802407  
[2019/03/13 15:18:41 185] isr        1499 tick()=  2802407  
[2019/03/13 15:18:41 185] isr        1501 diff=  8804  
[2019/03/13 15:18:41 185] isr        1514 cloud_session_end() [out]  
[2019/03/13 15:18:41 186] isr        1667 isr unload!  
============================================================
Time  2019/03/13 15:19:33 425 
============================================================
[2019/03/13 15:19:33 425] isr        1659 isr loaded!  
[2019/03/13 15:19:33 426] isr        1642 SYS_MSG_REGCB param0 =   msp_status_cb  param1 =   func(7802d630) 
[2019/03/13 15:19:33 426] isr        1537 ASR_MSG_SSB  
[2019/03/13 15:19:33 426] isr        1066 session_begin() [in], params:   sub = iat, domain = iat, language = zh_cn, accent = mandarin, sample_rate = 16000, result_type = plain, result_encoding = utf8  nil  
[2019/03/13 15:19:33 426] isr        927  vad_set [in]  
[2019/03/13 15:19:33 426] isr        962  vad_enable :  true  
[2019/03/13 15:19:33 426] isr        980  vad_bos :  10000  
[2019/03/13 15:19:33 426] isr        981  vad_eos :  2000  
[2019/03/13 15:19:33 426] isr        886  enable_vad [in]  
[2019/03/13 15:19:33 427] isr        918  vad enabled!  2000  10000  
[2019/03/13 15:19:33 427] isr        921  enable_vad [out]  
[2019/03/13 15:19:33 427] isr        987  vad_set [out] | ret =  0  
[2019/03/13 15:19:33 427] isr        1187 cur_engine_type =   cloud  
[2019/03/13 15:19:33 427] isr        1001 cloud_session_begin  
[2019/03/13 15:19:33 428] isr        1013 unknown  
[2019/03/13 15:19:33 431] isr        1547 ASR_MSG_AUW,   cloud  
[2019/03/13 15:19:33 431] isr        1559 6400  1  
[2019/03/13 15:19:33 431] isr        1569 once_bytes:   6400  
[2019/03/13 15:19:33 435] isr        851  [aud] speech start  
[2019/03/13 15:19:33 435] isr        798  1  msc  
[2019/03/13 15:19:33 538] isr        691  cloud_err_cb errorcode =   10407  detail =   MSS:bad response:10407  
[2019/03/13 15:19:33 538] isr        399  error occurred:   cloud  10407  
[2019/03/13 15:19:33 632] isr        1547 ASR_MSG_AUW,   cloud  
[2019/03/13 15:19:33 632] isr        1559 6400  2  
[2019/03/13 15:19:33 633] isr        1639 ASR_MSG_SSE,   cloud  
[2019/03/13 15:19:33 633] isr        1356 session_end() [in]  
[2019/03/13 15:19:33 633] isr        1421 cloud_session_end() [in]  
[2019/03/13 15:19:33 636] isr        1488 ns_host=  open.xf-yun.com  
[2019/03/13 15:19:33 636] isr        1498 tick()mod=  2854859  
[2019/03/13 15:19:33 637] isr        1499 tick()=  2854859  
[2019/03/13 15:19:33 637] isr        1501 diff=  114  
[2019/03/13 15:19:33 637] isr        1514 cloud_session_end() [out]  
[2019/03/13 15:19:33 638] isr        1667 isr unload!  
============================================================
Time  2019/03/13 15:21:14 645 
============================================================
[2019/03/13 15:21:14 645] isr        1659 isr loaded!  
[2019/03/13 15:21:14 646] isr        1642 SYS_MSG_REGCB param0 =   msp_status_cb  param1 =   func(9002d640) 
[2019/03/13 15:21:14 646] isr        1537 ASR_MSG_SSB  
[2019/03/13 15:21:14 646] isr        1066 session_begin() [in], params:   sub = iat, domain = iat, language = zh_cn, accent = mandarin, sample_rate = 16000, result_type = plain, result_encoding = utf8  nil  
[2019/03/13 15:21:14 646] isr        927  vad_set [in]  
[2019/03/13 15:21:14 646] isr        962  vad_enable :  true  
[2019/03/13 15:21:14 646] isr        980  vad_bos :  10000  
[2019/03/13 15:21:14 646] isr        981  vad_eos :  2000  
[2019/03/13 15:21:14 646] isr        886  enable_vad [in]  
[2019/03/13 15:21:14 647] isr        918  vad enabled!  2000  10000  
[2019/03/13 15:21:14 647] isr        921  enable_vad [out]  
[2019/03/13 15:21:14 647] isr        987  vad_set [out] | ret =  0  
[2019/03/13 15:21:14 648] isr        1187 cur_engine_type =   cloud  
[2019/03/13 15:21:14 648] isr        1001 cloud_session_begin  
[2019/03/13 15:21:14 648] isr        1013 unknown  
[2019/03/13 15:21:14 652] isr        1547 ASR_MSG_AUW,   cloud  
[2019/03/13 15:21:14 652] isr        1559 6400  1  
[2019/03/13 15:21:14 652] isr        1569 once_bytes:   6400  
[2019/03/13 15:21:14 659] isr        851  [aud] speech start  
[2019/03/13 15:21:14 659] isr        798  1  msc  
[2019/03/13 15:21:14 754] isr        691  cloud_err_cb errorcode =   10407  detail =   MSS:bad response:10407  
[2019/03/13 15:21:14 754] isr        399  error occurred:   cloud  10407  
[2019/03/13 15:21:14 853] isr        1547 ASR_MSG_AUW,   cloud  
[2019/03/13 15:21:14 853] isr        1559 6400  2  
[2019/03/13 15:21:14 853] isr        1639 ASR_MSG_SSE,   cloud  
[2019/03/13 15:21:14 853] isr        1356 session_end() [in]  
[2019/03/13 15:21:14 853] isr        1421 cloud_session_end() [in]  
[2019/03/13 15:21:14 855] isr        1488 ns_host=  open.xf-yun.com  
[2019/03/13 15:21:14 855] isr        1498 tick()mod=  2956077  
[2019/03/13 15:21:14 855] isr        1499 tick()=  2956077  
[2019/03/13 15:21:14 855] isr        1501 diff=  112  
[2019/03/13 15:21:14 855] isr        1514 cloud_session_end() [out]  
[2019/03/13 15:21:14 856] isr        1667 isr unload!  
============================================================
Time  2019/03/13 15:23:07 916 
============================================================
[2019/03/13 15:23:07 916] isr        1659 isr loaded!  
[2019/03/13 15:23:07 916] isr        1642 SYS_MSG_REGCB param0 =   msp_status_cb  param1 =   func(9802d640) 
[2019/03/13 15:23:07 916] isr        1537 ASR_MSG_SSB  
[2019/03/13 15:23:07 916] isr        1066 session_begin() [in], params:   sub = iat, domain = iat, language = zh_cn, accent = mandarin, sample_rate = 16000, result_type = plain, result_encoding = utf8  nil  
[2019/03/13 15:23:07 916] isr        927  vad_set [in]  
[2019/03/13 15:23:07 916] isr        962  vad_enable :  true  
[2019/03/13 15:23:07 917] isr        980  vad_bos :  10000  
[2019/03/13 15:23:07 917] isr        981  vad_eos :  2000  
[2019/03/13 15:23:07 917] isr        886  enable_vad [in]  
[2019/03/13 15:23:07 918] isr        918  vad enabled!  2000  10000  
[2019/03/13 15:23:07 918] isr        921  enable_vad [out]  
[2019/03/13 15:23:07 918] isr        987  vad_set [out] | ret =  0  
[2019/03/13 15:23:07 918] isr        1187 cur_engine_type =   cloud  
[2019/03/13 15:23:07 918] isr        1001 cloud_session_begin  
[2019/03/13 15:23:07 918] isr        1013 unknown  
[2019/03/13 15:23:07 922] isr        1547 ASR_MSG_AUW,   cloud  
[2019/03/13 15:23:07 922] isr        1559 6400  1  
[2019/03/13 15:23:07 922] isr        1569 once_bytes:   6400  
[2019/03/13 15:23:07 926] isr        851  [aud] speech start  
[2019/03/13 15:23:07 926] isr        798  1  msc  
[2019/03/13 15:23:08 123] isr        1547 ASR_MSG_AUW,   cloud  
[2019/03/13 15:23:08 123] isr        1559 6400  2  
[2019/03/13 15:23:08 277] isr        700  cloud_status_cb, eps:  1  
[2019/03/13 15:23:08 277] isr        798  1  cloud  
[2019/03/13 15:23:08 277] isr        813  cloud eps ignored  
[2019/03/13 15:23:08 323] isr        1547 ASR_MSG_AUW,   cloud  
[2019/03/13 15:23:08 324] isr        1559 6400  2  
[2019/03/13 15:23:08 524] isr        1547 ASR_MSG_AUW,   cloud  
[2019/03/13 15:23:08 524] isr        1559 6400  2  
[2019/03/13 15:23:08 725] isr        1547 ASR_MSG_AUW,   cloud  
[2019/03/13 15:23:08 725] isr        1559 6400  2  
[2019/03/13 15:23:08 926] isr        1547 ASR_MSG_AUW,   cloud  
[2019/03/13 15:23:08 926] isr        1559 6400  2  
[2019/03/13 15:23:09 126] isr        1547 ASR_MSG_AUW,   cloud  
[2019/03/13 15:23:09 127] isr        1559 6400  2  
[2019/03/13 15:23:09 327] isr        1547 ASR_MSG_AUW,   cloud  
[2019/03/13 15:23:09 327] isr        1559 6400  2  
[2019/03/13 15:23:09 528] isr        1547 ASR_MSG_AUW,   cloud  
[2019/03/13 15:23:09 528] isr        1559 6400  2  
[2019/03/13 15:23:09 728] isr        1547 ASR_MSG_AUW,   cloud  
[2019/03/13 15:23:09 728] isr        1559 6400  2  
[2019/03/13 15:23:09 929] isr        1547 ASR_MSG_AUW,   cloud  
[2019/03/13 15:23:09 929] isr        1559 6400  2  
[2019/03/13 15:23:10 129] isr        1547 ASR_MSG_AUW,   cloud  
[2019/03/13 15:23:10 130] isr        1559 6400  2  
[2019/03/13 15:23:10 330] isr        1547 ASR_MSG_AUW,   cloud  
[2019/03/13 15:23:10 330] isr        1559 6400  2  
[2019/03/13 15:23:10 531] isr        1547 ASR_MSG_AUW,   cloud  
[2019/03/13 15:23:10 539] isr        1559 6400  2  
[2019/03/13 15:23:10 731] isr        1547 ASR_MSG_AUW,   cloud  
[2019/03/13 15:23:10 731] isr        1559 6400  2  
[2019/03/13 15:23:10 932] isr        1547 ASR_MSG_AUW,   cloud  
[2019/03/13 15:23:10 932] isr        1559 6400  2  
[2019/03/13 15:23:11 133] isr        1547 ASR_MSG_AUW,   cloud  
[2019/03/13 15:23:11 133] isr        1559 6400  2  
[2019/03/13 15:23:11 333] isr        1547 ASR_MSG_AUW,   cloud  
[2019/03/13 15:23:11 333] isr        1559 6400  2  
[2019/03/13 15:23:11 534] isr        1547 ASR_MSG_AUW,   cloud  
[2019/03/13 15:23:11 534] isr        1559 6400  2  
[2019/03/13 15:23:11 735] isr        1547 ASR_MSG_AUW,   cloud  
[2019/03/13 15:23:11 735] isr        1559 6400  2  
[2019/03/13 15:23:11 936] isr        1547 ASR_MSG_AUW,   cloud  
[2019/03/13 15:23:11 936] isr        1559 6400  2  
[2019/03/13 15:23:12 136] isr        1547 ASR_MSG_AUW,   cloud  
[2019/03/13 15:23:12 136] isr        1559 6400  2  
[2019/03/13 15:23:12 205] isr        662  cloud_rslt_cb status =   0  
[2019/03/13 15:23:12 205] isr        641  process_result call:  cloud  udata(98037aa8) 0  nil  
[2019/03/13 15:23:12 337] isr        1547 ASR_MSG_AUW,   cloud  
[2019/03/13 15:23:12 337] isr        1559 7420  2  
[2019/03/13 15:23:12 538] isr        1547 ASR_MSG_AUW,   cloud  
[2019/03/13 15:23:12 538] isr        1559 0  4  
[2019/03/13 15:23:12 538] isr        1592 aud end, USER  
[2019/03/13 15:23:12 539] isr        1636 ASR_MSG_GRSLT,   cloud  
[2019/03/13 15:23:12 539] isr        1335 0  udata(98037aa8) 0  
[2019/03/13 15:23:12 540] isr        854  [aud] speech end  
[2019/03/13 15:23:12 541] isr        798  3  msc  
[2019/03/13 15:23:12 598] isr        700  cloud_status_cb, eps:  3  
[2019/03/13 15:23:12 598] isr        798  3  cloud  
[2019/03/13 15:23:12 598] isr        800  already speech end  
[2019/03/13 15:23:12 602] isr        662  cloud_rslt_cb status =   5  
[2019/03/13 15:23:12 602] isr        641  process_result call:  cloud  udata(9804ca68) 5  nil  
[2019/03/13 15:23:12 602] isr        798  3  msc  
[2019/03/13 15:23:12 602] isr        800  already speech end  
[2019/03/13 15:23:12 690] isr        1636 ASR_MSG_GRSLT,   cloud  
[2019/03/13 15:23:12 690] isr        1335 0  udata(9804ca68) 5  
[2019/03/13 15:23:12 842] isr        1639 ASR_MSG_SSE,   cloud  
[2019/03/13 15:23:12 842] isr        1356 session_end() [in]  
[2019/03/13 15:23:12 842] isr        1421 cloud_session_end() [in]  
[2019/03/13 15:23:12 844] isr        1488 ns_host=  open.xf-yun.com  
[2019/03/13 15:23:12 844] isr        1498 tick()mod=  3074067  
[2019/03/13 15:23:12 845] isr        1499 tick()=  3074067  
[2019/03/13 15:23:12 845] isr        1501 diff=  4708  
[2019/03/13 15:23:12 845] isr        1514 cloud_session_end() [out]  
[2019/03/13 15:23:12 846] isr        1667 isr unload!  
============================================================
Time  2019/03/13 15:51:03 477 
============================================================
[2019/03/13 15:51:03 477] isr        1659 isr loaded!  
[2019/03/13 15:51:03 477] isr        1642 SYS_MSG_REGCB param0 =   msp_status_cb  param1 =   func(380639b0) 
[2019/03/13 15:51:03 477] isr        1537 ASR_MSG_SSB  
[2019/03/13 15:51:03 477] isr        1066 session_begin() [in], params:   sub = iat, domain = iat, language = zh_cn, accent = mandarin, sample_rate = 16000, result_type = plain, result_encoding = utf8  nil  
[2019/03/13 15:51:03 478] isr        927  vad_set [in]  
[2019/03/13 15:51:03 478] isr        962  vad_enable :  true  
[2019/03/13 15:51:03 478] isr        980  vad_bos :  10000  
[2019/03/13 15:51:03 478] isr        981  vad_eos :  2000  
[2019/03/13 15:51:03 478] isr        886  enable_vad [in]  
[2019/03/13 15:51:03 479] isr        918  vad enabled!  2000  10000  
[2019/03/13 15:51:03 479] isr        921  enable_vad [out]  
[2019/03/13 15:51:03 479] isr        987  vad_set [out] | ret =  0  
[2019/03/13 15:51:03 479] isr        1187 cur_engine_type =   cloud  
[2019/03/13 15:51:03 479] isr        1001 cloud_session_begin  
[2019/03/13 15:51:03 479] isr        1013 unknown  
[2019/03/13 15:51:03 483] isr        1547 ASR_MSG_AUW,   cloud  
[2019/03/13 15:51:03 484] isr        1559 6400  1  
[2019/03/13 15:51:03 484] isr        1569 once_bytes:   6400  
[2019/03/13 15:51:03 488] isr        851  [aud] speech start  
[2019/03/13 15:51:03 488] isr        798  1  msc  
[2019/03/13 15:51:03 684] isr        1547 ASR_MSG_AUW,   cloud  
[2019/03/13 15:51:03 684] isr        1559 6400  2  
[2019/03/13 15:51:03 764] isr        700  cloud_status_cb, eps:  1  
[2019/03/13 15:51:03 764] isr        798  1  cloud  
[2019/03/13 15:51:03 764] isr        813  cloud eps ignored  
[2019/03/13 15:51:03 885] isr        1547 ASR_MSG_AUW,   cloud  
[2019/03/13 15:51:03 885] isr        1559 6400  2  
[2019/03/13 15:51:04 086] isr        1547 ASR_MSG_AUW,   cloud  
[2019/03/13 15:51:04 086] isr        1559 6400  2  
[2019/03/13 15:51:04 287] isr        1547 ASR_MSG_AUW,   cloud  
[2019/03/13 15:51:04 287] isr        1559 6400  2  
[2019/03/13 15:51:04 488] isr        1547 ASR_MSG_AUW,   cloud  
[2019/03/13 15:51:04 488] isr        1559 6400  2  
[2019/03/13 15:51:04 688] isr        1547 ASR_MSG_AUW,   cloud  
[2019/03/13 15:51:04 688] isr        1559 6400  2  
[2019/03/13 15:51:04 889] isr        1547 ASR_MSG_AUW,   cloud  
[2019/03/13 15:51:04 889] isr        1559 6400  2  
[2019/03/13 15:51:05 090] isr        1547 ASR_MSG_AUW,   cloud  
[2019/03/13 15:51:05 090] isr        1559 6400  2  
[2019/03/13 15:51:05 290] isr        1547 ASR_MSG_AUW,   cloud  
[2019/03/13 15:51:05 291] isr        1559 6400  2  
[2019/03/13 15:51:05 491] isr        1547 ASR_MSG_AUW,   cloud  
[2019/03/13 15:51:05 491] isr        1559 6400  2  
[2019/03/13 15:51:05 692] isr        1547 ASR_MSG_AUW,   cloud  
[2019/03/13 15:51:05 692] isr        1559 6400  2  
[2019/03/13 15:51:05 893] isr        1547 ASR_MSG_AUW,   cloud  
[2019/03/13 15:51:05 893] isr        1559 6400  2  
[2019/03/13 15:51:06 094] isr        1547 ASR_MSG_AUW,   cloud  
[2019/03/13 15:51:06 094] isr        1559 6400  2  
[2019/03/13 15:51:06 294] isr        1547 ASR_MSG_AUW,   cloud  
[2019/03/13 15:51:06 294] isr        1559 6400  2  
[2019/03/13 15:51:06 495] isr        1547 ASR_MSG_AUW,   cloud  
[2019/03/13 15:51:06 495] isr        1559 6400  2  
[2019/03/13 15:51:06 695] isr        1547 ASR_MSG_AUW,   cloud  
[2019/03/13 15:51:06 696] isr        1559 6400  2  
[2019/03/13 15:51:06 896] isr        1547 ASR_MSG_AUW,   cloud  
[2019/03/13 15:51:06 896] isr        1559 6400  2  
[2019/03/13 15:51:07 097] isr        1547 ASR_MSG_AUW,   cloud  
[2019/03/13 15:51:07 097] isr        1559 6400  2  
[2019/03/13 15:51:07 297] isr        1547 ASR_MSG_AUW,   cloud  
[2019/03/13 15:51:07 297] isr        1559 6400  2  
[2019/03/13 15:51:07 497] isr        1547 ASR_MSG_AUW,   cloud  
[2019/03/13 15:51:07 498] isr        1559 6400  2  
[2019/03/13 15:51:07 698] isr        1547 ASR_MSG_AUW,   cloud  
[2019/03/13 15:51:07 698] isr        1559 6400  2  
[2019/03/13 15:51:07 772] isr        662  cloud_rslt_cb status =   0  
[2019/03/13 15:51:07 773] isr        641  process_result call:  cloud  udata(38013598) 0  nil  
[2019/03/13 15:51:07 899] isr        1547 ASR_MSG_AUW,   cloud  
[2019/03/13 15:51:07 899] isr        1559 7420  2  
[2019/03/13 15:51:08 099] isr        1547 ASR_MSG_AUW,   cloud  
[2019/03/13 15:51:08 099] isr        1559 0  4  
[2019/03/13 15:51:08 099] isr        1592 aud end, USER  
[2019/03/13 15:51:08 101] isr        1636 ASR_MSG_GRSLT,   cloud  
[2019/03/13 15:51:08 101] isr        1335 0  udata(38013598) 0  
[2019/03/13 15:51:08 102] isr        854  [aud] speech end  
[2019/03/13 15:51:08 103] isr        798  3  msc  
[2019/03/13 15:51:08 164] isr        700  cloud_status_cb, eps:  3  
[2019/03/13 15:51:08 165] isr        798  3  cloud  
[2019/03/13 15:51:08 165] isr        800  already speech end  
[2019/03/13 15:51:08 168] isr        662  cloud_rslt_cb status =   5  
[2019/03/13 15:51:08 168] isr        641  process_result call:  cloud  udata(380694d8) 5  nil  
[2019/03/13 15:51:08 168] isr        798  3  msc  
[2019/03/13 15:51:08 168] isr        800  already speech end  
[2019/03/13 15:51:08 253] isr        1636 ASR_MSG_GRSLT,   cloud  
[2019/03/13 15:51:08 253] isr        1335 0  udata(380694d8) 5  
[2019/03/13 15:51:08 404] isr        1639 ASR_MSG_SSE,   cloud  
[2019/03/13 15:51:08 404] isr        1356 session_end() [in]  
[2019/03/13 15:51:08 404] isr        1421 cloud_session_end() [in]  
[2019/03/13 15:51:08 407] isr        1488 ns_host=  open.xf-yun.com  
[2019/03/13 15:51:08 408] isr        1498 tick()mod=  4749630  
[2019/03/13 15:51:08 408] isr        1499 tick()=  4749630  
[2019/03/13 15:51:08 408] isr        1501 diff=  4871  
[2019/03/13 15:51:08 408] isr        1514 cloud_session_end() [out]  
[2019/03/13 15:51:08 409] isr        1667 isr unload!  
============================================================
Time  2019/03/13 16:14:02 567 
============================================================
[2019/03/13 16:14:02 567] isr        1659 isr loaded!  
[2019/03/13 16:14:02 567] isr        1642 SYS_MSG_REGCB param0 =   msp_status_cb  param1 =   func(a802d650) 
[2019/03/13 16:14:02 567] isr        1537 ASR_MSG_SSB  
[2019/03/13 16:14:02 567] isr        1066 session_begin() [in], params:   sub = iat, domain = iat, language = zh_cn, accent = mandarin, sample_rate = 16000, result_type = plain, result_encoding = utf8  nil  
[2019/03/13 16:14:02 568] isr        927  vad_set [in]  
[2019/03/13 16:14:02 568] isr        962  vad_enable :  true  
[2019/03/13 16:14:02 568] isr        980  vad_bos :  10000  
[2019/03/13 16:14:02 568] isr        981  vad_eos :  2000  
[2019/03/13 16:14:02 568] isr        886  enable_vad [in]  
[2019/03/13 16:14:02 569] isr        918  vad enabled!  2000  10000  
[2019/03/13 16:14:02 569] isr        921  enable_vad [out]  
[2019/03/13 16:14:02 569] isr        987  vad_set [out] | ret =  0  
[2019/03/13 16:14:02 569] isr        1187 cur_engine_type =   cloud  
[2019/03/13 16:14:02 569] isr        1001 cloud_session_begin  
[2019/03/13 16:14:02 569] isr        1013 unknown  
[2019/03/13 16:14:02 571] isr        1547 ASR_MSG_AUW,   cloud  
[2019/03/13 16:14:02 571] isr        1559 6400  1  
[2019/03/13 16:14:02 571] isr        1569 once_bytes:   6400  
[2019/03/13 16:14:02 572] isr        851  [aud] speech start  
[2019/03/13 16:14:02 572] isr        798  1  msc  
[2019/03/13 16:14:02 771] isr        1547 ASR_MSG_AUW,   cloud  
[2019/03/13 16:14:02 771] isr        1559 6400  2  
[2019/03/13 16:14:02 805] isr        700  cloud_status_cb, eps:  1  
[2019/03/13 16:14:02 805] isr        798  1  cloud  
[2019/03/13 16:14:02 805] isr        813  cloud eps ignored  
[2019/03/13 16:14:02 972] isr        1547 ASR_MSG_AUW,   cloud  
[2019/03/13 16:14:02 972] isr        1559 6400  2  
[2019/03/13 16:14:03 172] isr        1547 ASR_MSG_AUW,   cloud  
[2019/03/13 16:14:03 172] isr        1559 6400  2  
[2019/03/13 16:14:03 373] isr        1547 ASR_MSG_AUW,   cloud  
[2019/03/13 16:14:03 373] isr        1559 6400  2  
[2019/03/13 16:14:03 573] isr        1547 ASR_MSG_AUW,   cloud  
[2019/03/13 16:14:03 573] isr        1559 6400  2  
[2019/03/13 16:14:03 774] isr        1547 ASR_MSG_AUW,   cloud  
[2019/03/13 16:14:03 774] isr        1559 6400  2  
[2019/03/13 16:14:03 975] isr        1547 ASR_MSG_AUW,   cloud  
[2019/03/13 16:14:03 975] isr        1559 6400  2  
[2019/03/13 16:14:04 176] isr        1547 ASR_MSG_AUW,   cloud  
[2019/03/13 16:14:04 176] isr        1559 6400  2  
[2019/03/13 16:14:04 376] isr        1547 ASR_MSG_AUW,   cloud  
[2019/03/13 16:14:04 376] isr        1559 6400  2  
[2019/03/13 16:14:04 578] isr        1547 ASR_MSG_AUW,   cloud  
[2019/03/13 16:14:04 578] isr        1559 6400  2  
[2019/03/13 16:14:04 778] isr        1547 ASR_MSG_AUW,   cloud  
[2019/03/13 16:14:04 778] isr        1559 6400  2  
[2019/03/13 16:14:04 978] isr        1547 ASR_MSG_AUW,   cloud  
[2019/03/13 16:14:04 978] isr        1559 6400  2  
[2019/03/13 16:14:05 178] isr        1547 ASR_MSG_AUW,   cloud  
[2019/03/13 16:14:05 178] isr        1559 6400  2  
[2019/03/13 16:14:05 379] isr        1547 ASR_MSG_AUW,   cloud  
[2019/03/13 16:14:05 379] isr        1559 6400  2  
[2019/03/13 16:14:05 580] isr        1547 ASR_MSG_AUW,   cloud  
[2019/03/13 16:14:05 580] isr        1559 6400  2  
[2019/03/13 16:14:05 780] isr        1547 ASR_MSG_AUW,   cloud  
[2019/03/13 16:14:05 780] isr        1559 6400  2  
[2019/03/13 16:14:05 982] isr        1547 ASR_MSG_AUW,   cloud  
[2019/03/13 16:14:05 990] isr        1559 6400  2  
[2019/03/13 16:14:06 182] isr        1547 ASR_MSG_AUW,   cloud  
[2019/03/13 16:14:06 182] isr        1559 6400  2  
[2019/03/13 16:14:06 383] isr        1547 ASR_MSG_AUW,   cloud  
[2019/03/13 16:14:06 383] isr        1559 6400  2  
[2019/03/13 16:14:06 584] isr        1547 ASR_MSG_AUW,   cloud  
[2019/03/13 16:14:06 584] isr        1559 6400  2  
[2019/03/13 16:14:06 784] isr        1547 ASR_MSG_AUW,   cloud  
[2019/03/13 16:14:06 785] isr        1559 6400  2  
[2019/03/13 16:14:06 814] isr        662  cloud_rslt_cb status =   0  
[2019/03/13 16:14:06 814] isr        641  process_result call:  cloud  udata(a80352e8) 0  nil  
[2019/03/13 16:14:06 985] isr        1547 ASR_MSG_AUW,   cloud  
[2019/03/13 16:14:06 986] isr        1559 7420  2  
[2019/03/13 16:14:07 186] isr        1547 ASR_MSG_AUW,   cloud  
[2019/03/13 16:14:07 186] isr        1559 0  4  
[2019/03/13 16:14:07 186] isr        1592 aud end, USER  
[2019/03/13 16:14:07 186] isr        1636 ASR_MSG_GRSLT,   cloud  
[2019/03/13 16:14:07 186] isr        1335 0  udata(a80352e8) 0  
[2019/03/13 16:14:07 187] isr        854  [aud] speech end  
[2019/03/13 16:14:07 188] isr        798  3  msc  
[2019/03/13 16:14:07 210] isr        700  cloud_status_cb, eps:  3  
[2019/03/13 16:14:07 210] isr        798  3  cloud  
[2019/03/13 16:14:07 210] isr        800  already speech end  
[2019/03/13 16:14:07 213] isr        662  cloud_rslt_cb status =   5  
[2019/03/13 16:14:07 213] isr        641  process_result call:  cloud  udata(a8036618) 5  nil  
[2019/03/13 16:14:07 213] isr        798  3  msc  
[2019/03/13 16:14:07 213] isr        800  already speech end  
[2019/03/13 16:14:07 337] isr        1636 ASR_MSG_GRSLT,   cloud  
[2019/03/13 16:14:07 338] isr        1335 0  udata(a8036618) 5  
[2019/03/13 16:14:07 489] isr        1639 ASR_MSG_SSE,   cloud  
[2019/03/13 16:14:07 489] isr        1356 session_end() [in]  
[2019/03/13 16:14:07 489] isr        1421 cloud_session_end() [in]  
[2019/03/13 16:14:07 492] isr        1488 ns_host=  open.xf-yun.com  
[2019/03/13 16:14:07 492] isr        1498 tick()mod=  6019715  
[2019/03/13 16:14:07 492] isr        1499 tick()=  6019715  
[2019/03/13 16:14:07 493] isr        1501 diff=  4636  
[2019/03/13 16:14:07 493] isr        1514 cloud_session_end() [out]  
[2019/03/13 16:14:07 493] isr        1667 isr unload!  
============================================================
Time  2019/04/03 12:29:19 236 
============================================================
[2019/04/03 12:29:19 236] isr        1659 isr loaded!  
[2019/04/03 12:29:19 237] isr        1642 SYS_MSG_REGCB param0 =   msp_status_cb  param1 =   func(7402d630) 
[2019/04/03 12:29:19 237] isr        1537 ASR_MSG_SSB  
[2019/04/03 12:29:19 237] isr        1066 session_begin() [in], params:   sub = iat, domain = iat, language = zh_cn, accent = mandarin, sample_rate = 16000, result_type = plain, result_encoding = utf8  nil  
[2019/04/03 12:29:19 238] isr        927  vad_set [in]  
[2019/04/03 12:29:19 238] isr        962  vad_enable :  true  
[2019/04/03 12:29:19 238] isr        980  vad_bos :  10000  
[2019/04/03 12:29:19 238] isr        981  vad_eos :  2000  
[2019/04/03 12:29:19 238] isr        886  enable_vad [in]  
[2019/04/03 12:29:19 239] isr        918  vad enabled!  2000  10000  
[2019/04/03 12:29:19 239] isr        921  enable_vad [out]  
[2019/04/03 12:29:19 239] isr        987  vad_set [out] | ret =  0  
[2019/04/03 12:29:19 239] isr        1187 cur_engine_type =   cloud  
[2019/04/03 12:29:19 239] isr        1001 cloud_session_begin  
[2019/04/03 12:29:19 239] isr        1013 unknown  
[2019/04/03 12:29:19 243] isr        1547 ASR_MSG_AUW,   cloud  
[2019/04/03 12:29:19 243] isr        1559 6400  1  
[2019/04/03 12:29:19 243] isr        1569 once_bytes:   6400  
[2019/04/03 12:29:19 244] isr        851  [aud] speech start  
[2019/04/03 12:29:19 244] isr        798  1  msc  
[2019/04/03 12:29:19 443] isr        1547 ASR_MSG_AUW,   cloud  
[2019/04/03 12:29:19 443] isr        1559 6400  2  
[2019/04/03 12:29:19 469] isr        700  cloud_status_cb, eps:  1  
[2019/04/03 12:29:19 469] isr        798  1  cloud  
[2019/04/03 12:29:19 469] isr        813  cloud eps ignored  
[2019/04/03 12:29:19 644] isr        1547 ASR_MSG_AUW,   cloud  
[2019/04/03 12:29:19 644] isr        1559 6400  2  
[2019/04/03 12:29:19 844] isr        1547 ASR_MSG_AUW,   cloud  
[2019/04/03 12:29:19 844] isr        1559 6400  2  
[2019/04/03 12:29:20 045] isr        1547 ASR_MSG_AUW,   cloud  
[2019/04/03 12:29:20 045] isr        1559 6400  2  
[2019/04/03 12:29:20 246] isr        1547 ASR_MSG_AUW,   cloud  
[2019/04/03 12:29:20 246] isr        1559 6400  2  
[2019/04/03 12:29:20 446] isr        1547 ASR_MSG_AUW,   cloud  
[2019/04/03 12:29:20 446] isr        1559 6400  2  
[2019/04/03 12:29:20 647] isr        1547 ASR_MSG_AUW,   cloud  
[2019/04/03 12:29:20 647] isr        1559 6400  2  
[2019/04/03 12:29:20 848] isr        1547 ASR_MSG_AUW,   cloud  
[2019/04/03 12:29:20 848] isr        1559 6400  2  
[2019/04/03 12:29:21 048] isr        1547 ASR_MSG_AUW,   cloud  
[2019/04/03 12:29:21 048] isr        1559 6400  2  
[2019/04/03 12:29:21 249] isr        1547 ASR_MSG_AUW,   cloud  
[2019/04/03 12:29:21 249] isr        1559 6400  2  
[2019/04/03 12:29:21 449] isr        1547 ASR_MSG_AUW,   cloud  
[2019/04/03 12:29:21 449] isr        1559 6400  2  
[2019/04/03 12:29:21 650] isr        1547 ASR_MSG_AUW,   cloud  
[2019/04/03 12:29:21 650] isr        1559 6400  2  
[2019/04/03 12:29:21 850] isr        1547 ASR_MSG_AUW,   cloud  
[2019/04/03 12:29:21 850] isr        1559 6400  2  
[2019/04/03 12:29:22 050] isr        1547 ASR_MSG_AUW,   cloud  
[2019/04/03 12:29:22 051] isr        1559 6400  2  
[2019/04/03 12:29:22 251] isr        1547 ASR_MSG_AUW,   cloud  
[2019/04/03 12:29:22 251] isr        1559 6400  2  
[2019/04/03 12:29:22 452] isr        1547 ASR_MSG_AUW,   cloud  
[2019/04/03 12:29:22 452] isr        1559 6400  2  
[2019/04/03 12:29:22 652] isr        1547 ASR_MSG_AUW,   cloud  
[2019/04/03 12:29:22 652] isr        1559 6400  2  
[2019/04/03 12:29:22 852] isr        1547 ASR_MSG_AUW,   cloud  
[2019/04/03 12:29:22 852] isr        1559 6400  2  
[2019/04/03 12:29:23 053] isr        1547 ASR_MSG_AUW,   cloud  
[2019/04/03 12:29:23 053] isr        1559 6400  2  
[2019/04/03 12:29:23 253] isr        1547 ASR_MSG_AUW,   cloud  
[2019/04/03 12:29:23 253] isr        1559 6400  2  
[2019/04/03 12:29:23 454] isr        1547 ASR_MSG_AUW,   cloud  
[2019/04/03 12:29:23 454] isr        1559 6400  2  
[2019/04/03 12:29:23 493] isr        662  cloud_rslt_cb status =   0  
[2019/04/03 12:29:23 493] isr        641  process_result call:  cloud  udata(74033408) 0  nil  
[2019/04/03 12:29:23 654] isr        1547 ASR_MSG_AUW,   cloud  
[2019/04/03 12:29:23 654] isr        1559 7420  2  
[2019/04/03 12:29:23 855] isr        1547 ASR_MSG_AUW,   cloud  
[2019/04/03 12:29:23 855] isr        1559 0  4  
[2019/04/03 12:29:23 855] isr        1592 aud end, USER  
[2019/04/03 12:29:23 856] isr        1636 ASR_MSG_GRSLT,   cloud  
[2019/04/03 12:29:23 856] isr        1335 0  udata(74033408) 0  
[2019/04/03 12:29:23 857] isr        854  [aud] speech end  
[2019/04/03 12:29:23 858] isr        798  3  msc  
[2019/04/03 12:29:23 880] isr        700  cloud_status_cb, eps:  3  
[2019/04/03 12:29:23 880] isr        798  3  cloud  
[2019/04/03 12:29:23 881] isr        800  already speech end  
[2019/04/03 12:29:23 884] isr        662  cloud_rslt_cb status =   5  
[2019/04/03 12:29:23 884] isr        641  process_result call:  cloud  udata(74033628) 5  nil  
[2019/04/03 12:29:23 884] isr        798  3  msc  
[2019/04/03 12:29:23 884] isr        800  already speech end  
[2019/04/03 12:29:24 007] isr        1636 ASR_MSG_GRSLT,   cloud  
[2019/04/03 12:29:24 007] isr        1335 0  udata(74033628) 5  
[2019/04/03 12:29:24 158] isr        1639 ASR_MSG_SSE,   cloud  
[2019/04/03 12:29:24 158] isr        1356 session_end() [in]  
[2019/04/03 12:29:24 158] isr        1421 cloud_session_end() [in]  
[2019/04/03 12:29:24 158] isr        1488 ns_host=  open.xf-yun.com  
[2019/04/03 12:29:24 158] isr        1498 tick()mod=  332263  
[2019/04/03 12:29:24 158] isr        1499 tick()=  332263  
[2019/04/03 12:29:24 158] isr        1501 diff=  4838  
[2019/04/03 12:29:24 158] isr        1514 cloud_session_end() [out]  
[2019/04/03 12:29:24 158] isr        1667 isr unload!  
============================================================
Time  2019/04/03 12:33:15 601 
============================================================
[2019/04/03 12:33:15 601] isr        1659 isr loaded!  
[2019/04/03 12:33:15 601] isr        1642 SYS_MSG_REGCB param0 =   msp_status_cb  param1 =   func(3802d640) 
[2019/04/03 12:33:15 602] isr        1537 ASR_MSG_SSB  
[2019/04/03 12:33:15 602] isr        1066 session_begin() [in], params:   sub = iat, domain = iat, language = zh_cn, accent = mandarin, sample_rate = 16000, result_type = plain, result_encoding = utf8  nil  
[2019/04/03 12:33:15 602] isr        927  vad_set [in]  
[2019/04/03 12:33:15 602] isr        962  vad_enable :  true  
[2019/04/03 12:33:15 602] isr        980  vad_bos :  10000  
[2019/04/03 12:33:15 602] isr        981  vad_eos :  2000  
[2019/04/03 12:33:15 602] isr        886  enable_vad [in]  
[2019/04/03 12:33:15 603] isr        918  vad enabled!  2000  10000  
[2019/04/03 12:33:15 603] isr        921  enable_vad [out]  
[2019/04/03 12:33:15 603] isr        987  vad_set [out] | ret =  0  
[2019/04/03 12:33:15 603] isr        1187 cur_engine_type =   cloud  
[2019/04/03 12:33:15 603] isr        1001 cloud_session_begin  
[2019/04/03 12:33:15 604] isr        1013 unknown  
[2019/04/03 12:33:15 605] isr        1547 ASR_MSG_AUW,   cloud  
[2019/04/03 12:33:15 605] isr        1559 6400  1  
[2019/04/03 12:33:15 605] isr        1569 once_bytes:   6400  
[2019/04/03 12:33:15 607] isr        851  [aud] speech start  
[2019/04/03 12:33:15 607] isr        798  1  msc  
[2019/04/03 12:33:15 806] isr        1547 ASR_MSG_AUW,   cloud  
[2019/04/03 12:33:15 806] isr        1559 6400  2  
[2019/04/03 12:33:16 007] isr        1547 ASR_MSG_AUW,   cloud  
[2019/04/03 12:33:16 007] isr        1559 6400  2  
[2019/04/03 12:33:16 208] isr        1547 ASR_MSG_AUW,   cloud  
[2019/04/03 12:33:16 208] isr        1559 6400  2  
[2019/04/03 12:33:16 378] isr        700  cloud_status_cb, eps:  1  
[2019/04/03 12:33:16 378] isr        798  1  cloud  
[2019/04/03 12:33:16 378] isr        813  cloud eps ignored  
[2019/04/03 12:33:16 408] isr        1547 ASR_MSG_AUW,   cloud  
[2019/04/03 12:33:16 408] isr        1559 6400  2  
[2019/04/03 12:33:16 609] isr        1547 ASR_MSG_AUW,   cloud  
[2019/04/03 12:33:16 609] isr        1559 6400  2  
[2019/04/03 12:33:16 809] isr        1547 ASR_MSG_AUW,   cloud  
[2019/04/03 12:33:16 809] isr        1559 6400  2  
[2019/04/03 12:33:17 010] isr        1547 ASR_MSG_AUW,   cloud  
[2019/04/03 12:33:17 010] isr        1559 6400  2  
[2019/04/03 12:33:17 210] isr        1547 ASR_MSG_AUW,   cloud  
[2019/04/03 12:33:17 210] isr        1559 6400  2  
[2019/04/03 12:33:17 411] isr        1547 ASR_MSG_AUW,   cloud  
[2019/04/03 12:33:17 411] isr        1559 6400  2  
[2019/04/03 12:33:17 611] isr        1547 ASR_MSG_AUW,   cloud  
[2019/04/03 12:33:17 611] isr        1559 6400  2  
[2019/04/03 12:33:17 811] isr        1547 ASR_MSG_AUW,   cloud  
[2019/04/03 12:33:17 812] isr        1559 6400  2  
[2019/04/03 12:33:18 012] isr        1547 ASR_MSG_AUW,   cloud  
[2019/04/03 12:33:18 012] isr        1559 6400  2  
[2019/04/03 12:33:18 213] isr        1547 ASR_MSG_AUW,   cloud  
[2019/04/03 12:33:18 213] isr        1559 6400  2  
[2019/04/03 12:33:18 414] isr        1547 ASR_MSG_AUW,   cloud  
[2019/04/03 12:33:18 414] isr        1559 6400  2  
[2019/04/03 12:33:18 615] isr        1547 ASR_MSG_AUW,   cloud  
[2019/04/03 12:33:18 615] isr        1559 6400  2  
[2019/04/03 12:33:18 816] isr        1547 ASR_MSG_AUW,   cloud  
[2019/04/03 12:33:18 824] isr        1559 6400  2  
[2019/04/03 12:33:19 017] isr        1547 ASR_MSG_AUW,   cloud  
[2019/04/03 12:33:19 017] isr        1559 6400  2  
[2019/04/03 12:33:19 217] isr        1547 ASR_MSG_AUW,   cloud  
[2019/04/03 12:33:19 217] isr        1559 6400  2  
[2019/04/03 12:33:19 418] isr        1547 ASR_MSG_AUW,   cloud  
[2019/04/03 12:33:19 418] isr        1559 6400  2  
[2019/04/03 12:33:19 619] isr        1547 ASR_MSG_AUW,   cloud  
[2019/04/03 12:33:19 619] isr        1559 6400  2  
[2019/04/03 12:33:19 820] isr        1547 ASR_MSG_AUW,   cloud  
[2019/04/03 12:33:19 820] isr        1559 6400  2  
[2019/04/03 12:33:20 020] isr        1547 ASR_MSG_AUW,   cloud  
[2019/04/03 12:33:20 020] isr        1559 6400  2  
[2019/04/03 12:33:20 221] isr        1547 ASR_MSG_AUW,   cloud  
[2019/04/03 12:33:20 221] isr        1559 6400  2  
[2019/04/03 12:33:20 421] isr        1547 ASR_MSG_AUW,   cloud  
[2019/04/03 12:33:20 421] isr        1559 6400  2  
[2019/04/03 12:33:20 621] isr        1547 ASR_MSG_AUW,   cloud  
[2019/04/03 12:33:20 622] isr        1559 6400  2  
[2019/04/03 12:33:20 823] isr        1547 ASR_MSG_AUW,   cloud  
[2019/04/03 12:33:20 823] isr        1559 6400  2  
[2019/04/03 12:33:21 023] isr        1547 ASR_MSG_AUW,   cloud  
[2019/04/03 12:33:21 023] isr        1559 6400  2  
[2019/04/03 12:33:21 224] isr        1547 ASR_MSG_AUW,   cloud  
[2019/04/03 12:33:21 224] isr        1559 6400  2  
[2019/04/03 12:33:21 424] isr        1547 ASR_MSG_AUW,   cloud  
[2019/04/03 12:33:21 424] isr        1559 6400  2  
[2019/04/03 12:33:21 625] isr        1547 ASR_MSG_AUW,   cloud  
[2019/04/03 12:33:21 625] isr        1559 6400  2  
[2019/04/03 12:33:21 826] isr        1547 ASR_MSG_AUW,   cloud  
[2019/04/03 12:33:21 826] isr        1559 6400  2  
[2019/04/03 12:33:22 026] isr        1547 ASR_MSG_AUW,   cloud  
[2019/04/03 12:33:22 026] isr        1559 6400  2  
[2019/04/03 12:33:22 226] isr        1547 ASR_MSG_AUW,   cloud  
[2019/04/03 12:33:22 227] isr        1559 6400  2  
[2019/04/03 12:33:22 428] isr        1547 ASR_MSG_AUW,   cloud  
[2019/04/03 12:33:22 428] isr        1559 6400  2  
[2019/04/03 12:33:22 629] isr        1547 ASR_MSG_AUW,   cloud  
[2019/04/03 12:33:22 629] isr        1559 6400  2  
[2019/04/03 12:33:22 830] isr        1547 ASR_MSG_AUW,   cloud  
[2019/04/03 12:33:22 830] isr        1559 6400  2  
[2019/04/03 12:33:23 030] isr        1547 ASR_MSG_AUW,   cloud  
[2019/04/03 12:33:23 030] isr        1559 6400  2  
[2019/04/03 12:33:23 231] isr        1547 ASR_MSG_AUW,   cloud  
[2019/04/03 12:33:23 231] isr        1559 6400  2  
[2019/04/03 12:33:23 431] isr        1547 ASR_MSG_AUW,   cloud  
[2019/04/03 12:33:23 432] isr        1559 6400  2  
[2019/04/03 12:33:23 632] isr        1547 ASR_MSG_AUW,   cloud  
[2019/04/03 12:33:23 632] isr        1559 6400  2  
[2019/04/03 12:33:23 833] isr        1547 ASR_MSG_AUW,   cloud  
[2019/04/03 12:33:23 841] isr        1559 6400  2  
[2019/04/03 12:33:24 033] isr        1547 ASR_MSG_AUW,   cloud  
[2019/04/03 12:33:24 033] isr        1559 6400  2  
[2019/04/03 12:33:24 234] isr        1547 ASR_MSG_AUW,   cloud  
[2019/04/03 12:33:24 234] isr        1559 6400  2  
[2019/04/03 12:33:24 435] isr        1547 ASR_MSG_AUW,   cloud  
[2019/04/03 12:33:24 435] isr        1559 6400  2  
[2019/04/03 12:33:24 635] isr        1547 ASR_MSG_AUW,   cloud  
[2019/04/03 12:33:24 635] isr        1559 6400  2  
[2019/04/03 12:33:24 836] isr        1547 ASR_MSG_AUW,   cloud  
[2019/04/03 12:33:24 836] isr        1559 6400  2  
[2019/04/03 12:33:25 036] isr        1547 ASR_MSG_AUW,   cloud  
[2019/04/03 12:33:25 036] isr        1559 6400  2  
[2019/04/03 12:33:25 237] isr        1547 ASR_MSG_AUW,   cloud  
[2019/04/03 12:33:25 237] isr        1559 6400  2  
[2019/04/03 12:33:25 438] isr        1547 ASR_MSG_AUW,   cloud  
[2019/04/03 12:33:25 438] isr        1559 10072  2  
[2019/04/03 12:33:25 639] isr        1547 ASR_MSG_AUW,   cloud  
[2019/04/03 12:33:25 639] isr        1559 0  4  
[2019/04/03 12:33:25 639] isr        1592 aud end, USER  
[2019/04/03 12:33:25 643] isr        854  [aud] speech end  
[2019/04/03 12:33:25 643] isr        798  3  msc  
[2019/04/03 12:33:25 643] isr        1636 ASR_MSG_GRSLT,   cloud  
[2019/04/03 12:33:25 644] isr        1335 0  nil  2  
[2019/04/03 12:33:25 747] isr        700  cloud_status_cb, eps:  3  
[2019/04/03 12:33:25 747] isr        798  3  cloud  
[2019/04/03 12:33:25 747] isr        800  already speech end  
[2019/04/03 12:33:25 749] isr        662  cloud_rslt_cb status =   0  
[2019/04/03 12:33:25 750] isr        641  process_result call:  cloud  udata(38033b88) 0  nil  
[2019/04/03 12:33:25 754] isr        662  cloud_rslt_cb status =   5  
[2019/04/03 12:33:25 754] isr        641  process_result call:  cloud  udata(38034058) 5  nil  
[2019/04/03 12:33:25 754] isr        798  3  msc  
[2019/04/03 12:33:25 754] isr        800  already speech end  
[2019/04/03 12:33:25 794] isr        1636 ASR_MSG_GRSLT,   cloud  
[2019/04/03 12:33:25 794] isr        1335 0  udata(38033b88) 0  
[2019/04/03 12:33:25 945] isr        1636 ASR_MSG_GRSLT,   cloud  
[2019/04/03 12:33:25 945] isr        1335 0  udata(38034058) 5  
[2019/04/03 12:33:26 097] isr        1639 ASR_MSG_SSE,   cloud  
[2019/04/03 12:33:26 097] isr        1356 session_end() [in]  
[2019/04/03 12:33:26 097] isr        1421 cloud_session_end() [in]  
[2019/04/03 12:33:26 101] isr        1488 ns_host=  open.xf-yun.com  
[2019/04/03 12:33:26 101] isr        1498 tick()mod=  574206  
[2019/04/03 12:33:26 102] isr        1499 tick()=  574207  
[2019/04/03 12:33:26 102] isr        1501 diff=  9754  
[2019/04/03 12:33:26 102] isr        1514 cloud_session_end() [out]  
[2019/04/03 12:33:26 102] isr        1667 isr unload!  
============================================================
Time  2019/04/03 12:34:28 683 
============================================================
[2019/04/03 12:34:28 683] isr        1659 isr loaded!  
[2019/04/03 12:34:28 683] isr        1642 SYS_MSG_REGCB param0 =   msp_status_cb  param1 =   func(b802d640) 
[2019/04/03 12:34:28 683] isr        1537 ASR_MSG_SSB  
[2019/04/03 12:34:28 683] isr        1066 session_begin() [in], params:   sub = iat, domain = iat, language = us_en, accent = mandarin, sample_rate = 16000, result_type = plain, result_encoding = utf8  nil  
[2019/04/03 12:34:28 684] isr        927  vad_set [in]  
[2019/04/03 12:34:28 684] isr        962  vad_enable :  true  
[2019/04/03 12:34:28 684] isr        980  vad_bos :  10000  
[2019/04/03 12:34:28 684] isr        981  vad_eos :  2000  
[2019/04/03 12:34:28 684] isr        886  enable_vad [in]  
[2019/04/03 12:34:28 685] isr        918  vad enabled!  2000  10000  
[2019/04/03 12:34:28 685] isr        921  enable_vad [out]  
[2019/04/03 12:34:28 685] isr        987  vad_set [out] | ret =  0  
[2019/04/03 12:34:28 685] isr        1187 cur_engine_type =   cloud  
[2019/04/03 12:34:28 685] isr        1001 cloud_session_begin  
[2019/04/03 12:34:28 685] isr        1013 unknown  
[2019/04/03 12:34:28 690] isr        1547 ASR_MSG_AUW,   cloud  
[2019/04/03 12:34:28 690] isr        1559 6400  1  
[2019/04/03 12:34:28 690] isr        1569 once_bytes:   6400  
[2019/04/03 12:34:28 694] isr        851  [aud] speech start  
[2019/04/03 12:34:28 694] isr        798  1  msc  
[2019/04/03 12:34:28 890] isr        1547 ASR_MSG_AUW,   cloud  
[2019/04/03 12:34:28 891] isr        1559 6400  2  
[2019/04/03 12:34:28 912] isr        700  cloud_status_cb, eps:  1  
[2019/04/03 12:34:28 912] isr        798  1  cloud  
[2019/04/03 12:34:28 912] isr        813  cloud eps ignored  
[2019/04/03 12:34:29 091] isr        1547 ASR_MSG_AUW,   cloud  
[2019/04/03 12:34:29 091] isr        1559 6400  2  
[2019/04/03 12:34:29 291] isr        1547 ASR_MSG_AUW,   cloud  
[2019/04/03 12:34:29 291] isr        1559 6400  2  
[2019/04/03 12:34:29 492] isr        1547 ASR_MSG_AUW,   cloud  
[2019/04/03 12:34:29 493] isr        1559 6400  2  
[2019/04/03 12:34:29 693] isr        1547 ASR_MSG_AUW,   cloud  
[2019/04/03 12:34:29 693] isr        1559 6400  2  
[2019/04/03 12:34:29 894] isr        1547 ASR_MSG_AUW,   cloud  
[2019/04/03 12:34:29 894] isr        1559 6400  2  
[2019/04/03 12:34:30 094] isr        1547 ASR_MSG_AUW,   cloud  
[2019/04/03 12:34:30 094] isr        1559 6400  2  
[2019/04/03 12:34:30 295] isr        1547 ASR_MSG_AUW,   cloud  
[2019/04/03 12:34:30 295] isr        1559 6400  2  
[2019/04/03 12:34:30 495] isr        1547 ASR_MSG_AUW,   cloud  
[2019/04/03 12:34:30 496] isr        1559 6400  2  
[2019/04/03 12:34:30 696] isr        1547 ASR_MSG_AUW,   cloud  
[2019/04/03 12:34:30 696] isr        1559 6400  2  
[2019/04/03 12:34:30 896] isr        1547 ASR_MSG_AUW,   cloud  
[2019/04/03 12:34:30 896] isr        1559 6400  2  
[2019/04/03 12:34:31 096] isr        1547 ASR_MSG_AUW,   cloud  
[2019/04/03 12:34:31 096] isr        1559 6400  2  
[2019/04/03 12:34:31 297] isr        1547 ASR_MSG_AUW,   cloud  
[2019/04/03 12:34:31 297] isr        1559 6400  2  
[2019/04/03 12:34:31 497] isr        1547 ASR_MSG_AUW,   cloud  
[2019/04/03 12:34:31 498] isr        1559 6400  2  
[2019/04/03 12:34:31 698] isr        1547 ASR_MSG_AUW,   cloud  
[2019/04/03 12:34:31 698] isr        1559 6400  2  
[2019/04/03 12:34:31 899] isr        1547 ASR_MSG_AUW,   cloud  
[2019/04/03 12:34:31 899] isr        1559 6400  2  
[2019/04/03 12:34:32 100] isr        1547 ASR_MSG_AUW,   cloud  
[2019/04/03 12:34:32 100] isr        1559 6400  2  
[2019/04/03 12:34:32 301] isr        1547 ASR_MSG_AUW,   cloud  
[2019/04/03 12:34:32 301] isr        1559 6400  2  
[2019/04/03 12:34:32 502] isr        1547 ASR_MSG_AUW,   cloud  
[2019/04/03 12:34:32 502] isr        1559 6400  2  
[2019/04/03 12:34:32 702] isr        1547 ASR_MSG_AUW,   cloud  
[2019/04/03 12:34:32 702] isr        1559 6400  2  
[2019/04/03 12:34:32 903] isr        1547 ASR_MSG_AUW,   cloud  
[2019/04/03 12:34:32 903] isr        1559 6400  2  
[2019/04/03 12:34:33 103] isr        1547 ASR_MSG_AUW,   cloud  
[2019/04/03 12:34:33 103] isr        1559 6400  2  
[2019/04/03 12:34:33 304] isr        1547 ASR_MSG_AUW,   cloud  
[2019/04/03 12:34:33 304] isr        1559 6400  2  
[2019/04/03 12:34:33 505] isr        1547 ASR_MSG_AUW,   cloud  
[2019/04/03 12:34:33 505] isr        1559 6400  2  
[2019/04/03 12:34:33 706] isr        1547 ASR_MSG_AUW,   cloud  
[2019/04/03 12:34:33 706] isr        1559 6400  2  
[2019/04/03 12:34:33 906] isr        1547 ASR_MSG_AUW,   cloud  
[2019/04/03 12:34:33 906] isr        1559 6400  2  
[2019/04/03 12:34:34 107] isr        1547 ASR_MSG_AUW,   cloud  
[2019/04/03 12:34:34 107] isr        1559 6400  2  
[2019/04/03 12:34:34 307] isr        1547 ASR_MSG_AUW,   cloud  
[2019/04/03 12:34:34 308] isr        1559 6400  2  
[2019/04/03 12:34:34 509] isr        1547 ASR_MSG_AUW,   cloud  
[2019/04/03 12:34:34 517] isr        1559 6400  2  
[2019/04/03 12:34:34 710] isr        1547 ASR_MSG_AUW,   cloud  
[2019/04/03 12:34:34 710] isr        1559 6400  2  
[2019/04/03 12:34:34 911] isr        1547 ASR_MSG_AUW,   cloud  
[2019/04/03 12:34:34 911] isr        1559 6400  2  
[2019/04/03 12:34:35 111] isr        1547 ASR_MSG_AUW,   cloud  
[2019/04/03 12:34:35 112] isr        1559 6400  2  
[2019/04/03 12:34:35 312] isr        1547 ASR_MSG_AUW,   cloud  
[2019/04/03 12:34:35 312] isr        1559 6400  2  
[2019/04/03 12:34:35 513] isr        1547 ASR_MSG_AUW,   cloud  
[2019/04/03 12:34:35 513] isr        1559 6400  2  
[2019/04/03 12:34:35 714] isr        1547 ASR_MSG_AUW,   cloud  
[2019/04/03 12:34:35 714] isr        1559 6400  2  
[2019/04/03 12:34:35 914] isr        1547 ASR_MSG_AUW,   cloud  
[2019/04/03 12:34:35 914] isr        1559 6400  2  
[2019/04/03 12:34:36 115] isr        1547 ASR_MSG_AUW,   cloud  
[2019/04/03 12:34:36 115] isr        1559 6400  2  
[2019/04/03 12:34:36 316] isr        1547 ASR_MSG_AUW,   cloud  
[2019/04/03 12:34:36 316] isr        1559 6400  2  
[2019/04/03 12:34:36 516] isr        1547 ASR_MSG_AUW,   cloud  
[2019/04/03 12:34:36 516] isr        1559 6400  2  
[2019/04/03 12:34:36 717] isr        1547 ASR_MSG_AUW,   cloud  
[2019/04/03 12:34:36 717] isr        1559 6400  2  
[2019/04/03 12:34:36 917] isr        1547 ASR_MSG_AUW,   cloud  
[2019/04/03 12:34:36 917] isr        1559 6400  2  
[2019/04/03 12:34:37 118] isr        1547 ASR_MSG_AUW,   cloud  
[2019/04/03 12:34:37 118] isr        1559 6400  2  
[2019/04/03 12:34:37 319] isr        1547 ASR_MSG_AUW,   cloud  
[2019/04/03 12:34:37 319] isr        1559 6400  2  
[2019/04/03 12:34:37 520] isr        1547 ASR_MSG_AUW,   cloud  
[2019/04/03 12:34:37 520] isr        1559 6400  2  
[2019/04/03 12:34:37 720] isr        1547 ASR_MSG_AUW,   cloud  
[2019/04/03 12:34:37 720] isr        1559 6400  2  
[2019/04/03 12:34:37 921] isr        1547 ASR_MSG_AUW,   cloud  
[2019/04/03 12:34:37 922] isr        1559 6400  2  
[2019/04/03 12:34:38 122] isr        1547 ASR_MSG_AUW,   cloud  
[2019/04/03 12:34:38 122] isr        1559 6400  2  
[2019/04/03 12:34:38 322] isr        1547 ASR_MSG_AUW,   cloud  
[2019/04/03 12:34:38 322] isr        1559 6400  2  
[2019/04/03 12:34:38 523] isr        1547 ASR_MSG_AUW,   cloud  
[2019/04/03 12:34:38 523] isr        1559 10072  2  
[2019/04/03 12:34:38 724] isr        1547 ASR_MSG_AUW,   cloud  
[2019/04/03 12:34:38 724] isr        1559 0  4  
[2019/04/03 12:34:38 724] isr        1592 aud end, USER  
[2019/04/03 12:34:38 725] isr        854  [aud] speech end  
[2019/04/03 12:34:38 726] isr        798  3  msc  
[2019/04/03 12:34:38 726] isr        1636 ASR_MSG_GRSLT,   cloud  
[2019/04/03 12:34:38 726] isr        1335 0  nil  2  
[2019/04/03 12:34:38 830] isr        700  cloud_status_cb, eps:  3  
[2019/04/03 12:34:38 830] isr        798  3  cloud  
[2019/04/03 12:34:38 830] isr        800  already speech end  
[2019/04/03 12:34:38 832] isr        662  cloud_rslt_cb status =   0  
[2019/04/03 12:34:38 832] isr        641  process_result call:  cloud  udata(b80354f8) 0  nil  
[2019/04/03 12:34:38 835] isr        662  cloud_rslt_cb status =   5  
[2019/04/03 12:34:38 835] isr        641  process_result call:  cloud  udata(b8035678) 5  nil  
[2019/04/03 12:34:38 835] isr        798  3  msc  
[2019/04/03 12:34:38 835] isr        800  already speech end  
[2019/04/03 12:34:38 877] isr        1636 ASR_MSG_GRSLT,   cloud  
[2019/04/03 12:34:38 877] isr        1335 0  udata(b80354f8) 0  
[2019/04/03 12:34:39 028] isr        1636 ASR_MSG_GRSLT,   cloud  
[2019/04/03 12:34:39 028] isr        1335 0  udata(b8035678) 5  
[2019/04/03 12:34:39 179] isr        1639 ASR_MSG_SSE,   cloud  
[2019/04/03 12:34:39 179] isr        1356 session_end() [in]  
[2019/04/03 12:34:39 180] isr        1421 cloud_session_end() [in]  
[2019/04/03 12:34:39 182] isr        1488 ns_host=  open.xf-yun.com  
[2019/04/03 12:34:39 182] isr        1498 tick()mod=  647287  
[2019/04/03 12:34:39 183] isr        1499 tick()=  647288  
[2019/04/03 12:34:39 183] isr        1501 diff=  10447  
[2019/04/03 12:34:39 183] isr        1514 cloud_session_end() [out]  
[2019/04/03 12:34:39 184] isr        1667 isr unload!  
